[    0.000000] Linux version 4.15.0-212-generic (buildd@lcy02-amd64-083) (gcc version 7.5.0 (Ubuntu 7.5.0-3ubuntu1~18.04)) #223-Ubuntu SMP Tue May 23 13:09:22 UTC 2023 (Ubuntu 4.15.0-212.223-generic 4.15.18)
[    0.000000] Command line: BOOT_IMAGE=/boot/vmlinuz-4.15.0-212-generic root=LABEL=cloudimg-rootfs ro console=tty1 console=ttyS0
[    0.000000] KERNEL supported cpus:
[    0.000000]   Intel GenuineIntel
[    0.000000]   AMD AuthenticAMD
[    0.000000]   Centaur CentaurHauls
[    0.000000] [Firmware Bug]: TSC doesn't count with P0 frequency!
[    0.000000] x86/fpu: Supporting XSAVE feature 0x001: 'x87 floating point registers'
[    0.000000] x86/fpu: Supporting XSAVE feature 0x002: 'SSE registers'
[    0.000000] x86/fpu: Supporting XSAVE feature 0x004: 'AVX registers'
[    0.000000] x86/fpu: xstate_offset[2]:  576, xstate_sizes[2]:  256
[    0.000000] x86/fpu: Enabled xstate features 0x7, context size is 832 bytes, using 'standard' format.
[    0.000000] e820: BIOS-provided physical RAM map:
[    0.000000] BIOS-e820: [mem 0x0000000000000000-0x000000000009fbff] usable
[    0.000000] BIOS-e820: [mem 0x000000000009fc00-0x000000000009ffff] reserved
[    0.000000] BIOS-e820: [mem 0x00000000000f0000-0x00000000000fffff] reserved
[    0.000000] BIOS-e820: [mem 0x0000000000100000-0x000000001ffeffff] usable
[    0.000000] BIOS-e820: [mem 0x000000001fff0000-0x000000001fffffff] ACPI data
[    0.000000] BIOS-e820: [mem 0x00000000fec00000-0x00000000fec00fff] reserved
[    0.000000] BIOS-e820: [mem 0x00000000fee00000-0x00000000fee00fff] reserved
[    0.000000] BIOS-e820: [mem 0x00000000fffc0000-0x00000000ffffffff] reserved
[    0.000000] NX (Execute Disable) protection: active
[    0.000000] SMBIOS 2.5 present.
[    0.000000] DMI: innotek GmbH VirtualBox/VirtualBox, BIOS VirtualBox 12/01/2006
[    0.000000] Hypervisor detected: KVM
[    0.000000] e820: last_pfn = 0x1fff0 max_arch_pfn = 0x400000000
[    0.000000] MTRR: Disabled
[    0.000000] x86/PAT: MTRRs disabled, skipping PAT initialization too.
[    0.000000] CPU MTRRs all blank - virtualized system.
[    0.000000] x86/PAT: Configuration [0-7]: WB  WT  UC- UC  WB  WT  UC- UC  
[    0.000000] found SMP MP-table at [mem 0x0009fff0-0x0009ffff]
[    0.000000] Scanning 1 areas for low memory corruption
[    0.000000] RAMDISK: [mem 0x1db01000-0x1ee12fff]
[    0.000000] ACPI: Early table checksum verification disabled
[    0.000000] ACPI: RSDP 0x00000000000E0000 000024 (v02 VBOX  )
[    0.000000] ACPI: XSDT 0x000000001FFF0030 00003C (v01 VBOX   VBOXXSDT 00000001 ASL  00000061)
[    0.000000] ACPI: FACP 0x000000001FFF00F0 0000F4 (v04 VBOX   VBOXFACP 00000001 ASL  00000061)
[    0.000000] ACPI: DSDT 0x000000001FFF0610 002353 (v02 VBOX   VBOXBIOS 00000002 INTL 20200925)
[    0.000000] ACPI: FACS 0x000000001FFF0200 000040
[    0.000000] ACPI: FACS 0x000000001FFF0200 000040
[    0.000000] ACPI: APIC 0x000000001FFF0240 00005C (v02 VBOX   VBOXAPIC 00000001 ASL  00000061)
[    0.000000] ACPI: SSDT 0x000000001FFF02A0 00036C (v01 VBOX   VBOXCPUT 00000002 INTL 20200925)
[    0.000000] ACPI: Reserving FACP table memory at [mem 0x1fff00f0-0x1fff01e3]
[    0.000000] ACPI: Reserving DSDT table memory at [mem 0x1fff0610-0x1fff2962]
[    0.000000] ACPI: Reserving FACS table memory at [mem 0x1fff0200-0x1fff023f]
[    0.000000] ACPI: Reserving FACS table memory at [mem 0x1fff0200-0x1fff023f]
[    0.000000] ACPI: Reserving APIC table memory at [mem 0x1fff0240-0x1fff029b]
[    0.000000] ACPI: Reserving SSDT table memory at [mem 0x1fff02a0-0x1fff060b]
[    0.000000] No NUMA configuration found
[    0.000000] Faking a node at [mem 0x0000000000000000-0x000000001ffeffff]
[    0.000000] NODE_DATA(0) allocated [mem 0x1ffc5000-0x1ffeffff]
[    0.000000] kvm-clock: cpu 0, msr 0:1ff44001, primary cpu clock
[    0.000000] kvm-clock: Using msrs 4b564d01 and 4b564d00
[    0.000000] kvm-clock: using sched offset of 2959888829 cycles
[    0.000000] clocksource: kvm-clock: mask: 0xffffffffffffffff max_cycles: 0x1cd42e4dffb, max_idle_ns: 881590591483 ns
[    0.000000] Zone ranges:
[    0.000000]   DMA      [mem 0x0000000000001000-0x0000000000ffffff]
[    0.000000]   DMA32    [mem 0x0000000001000000-0x000000001ffeffff]
[    0.000000]   Normal   empty
[    0.000000]   Device   empty
[    0.000000] Movable zone start for each node
[    0.000000] Early memory node ranges
[    0.000000]   node   0: [mem 0x0000000000001000-0x000000000009efff]
[    0.000000]   node   0: [mem 0x0000000000100000-0x000000001ffeffff]
[    0.000000] Reserved but unavailable: 104 pages
[    0.000000] Initmem setup node 0 [mem 0x0000000000001000-0x000000001ffeffff]
[    0.000000] ACPI: PM-Timer IO Port: 0x4008
[    0.000000] IOAPIC[0]: apic_id 2, version 32, address 0xfec00000, GSI 0-23
[    0.000000] ACPI: INT_SRC_OVR (bus 0 bus_irq 0 global_irq 2 dfl dfl)
[    0.000000] ACPI: INT_SRC_OVR (bus 0 bus_irq 9 global_irq 9 low level)
[    0.000000] Using ACPI (MADT) for SMP configuration information
[    0.000000] smpboot: Allowing 2 CPUs, 0 hotplug CPUs
[    0.000000] PM: Registered nosave memory: [mem 0x00000000-0x00000fff]
[    0.000000] PM: Registered nosave memory: [mem 0x0009f000-0x0009ffff]
[    0.000000] PM: Registered nosave memory: [mem 0x000a0000-0x000effff]
[    0.000000] PM: Registered nosave memory: [mem 0x000f0000-0x000fffff]
[    0.000000] e820: [mem 0x20000000-0xfebfffff] available for PCI devices
[    0.000000] Booting paravirtualized kernel on KVM
[    0.000000] clocksource: refined-jiffies: mask: 0xffffffff max_cycles: 0xffffffff, max_idle_ns: 7645519600211568 ns
[    0.000000] setup_percpu: NR_CPUS:8192 nr_cpumask_bits:2 nr_cpu_ids:2 nr_node_ids:1
[    0.000000] percpu: Embedded 50 pages/cpu s167936 r8192 d28672 u1048576
[    0.000000] PV qspinlock hash table entries: 256 (order: 0, 4096 bytes)
[    0.000000] Built 1 zonelists, mobility grouping on.  Total pages: 128889
[    0.000000] Policy zone: DMA32
[    0.000000] Kernel command line: BOOT_IMAGE=/boot/vmlinuz-4.15.0-212-generic root=LABEL=cloudimg-rootfs ro console=tty1 console=ttyS0
[    0.000000] Memory: 466548K/523832K available (12300K kernel code, 2477K rwdata, 4324K rodata, 2480K init, 2720K bss, 57284K reserved, 0K cma-reserved)
[    0.000000] SLUB: HWalign=64, Order=0-3, MinObjects=0, CPUs=2, Nodes=1
[    0.000000] ftrace: allocating 39508 entries in 155 pages
[    0.004000] Hierarchical RCU implementation.
[    0.004000] 	RCU restricting CPUs from NR_CPUS=8192 to nr_cpu_ids=2.
[    0.004000] 	Tasks RCU enabled.
[    0.004000] RCU: Adjusting geometry for rcu_fanout_leaf=16, nr_cpu_ids=2
[    0.004000] NR_IRQS: 524544, nr_irqs: 440, preallocated irqs: 16
[    0.004000] random: crng init done
[    0.004000] Console: colour VGA+ 80x25
[    0.004000] console [tty1] enabled
[    0.004000] console [ttyS0] enabled
[    0.004000] ACPI: Core revision 20170831
[    0.004000] ACPI: 2 ACPI AML tables successfully acquired and loaded
[    0.004000] APIC: Switch to symmetric I/O mode setup
[    0.004000] x2apic enabled
[    0.004000] Switched APIC routing to physical x2apic.
[    0.004000] ..TIMER: vector=0x30 apic1=0 pin1=2 apic2=-1 pin2=-1
[    0.004000] tsc: Detected 3892.622 MHz processor
[    0.004005] Calibrating delay loop (skipped) preset value.. 7785.24 BogoMIPS (lpj=15570488)
[    0.004941] pid_max: default: 32768 minimum: 301
[    0.005639] Security Framework initialized
[    0.006249] Yama: becoming mindful.
[    0.006824] AppArmor: AppArmor initialized
[    0.007493] Dentry cache hash table entries: 65536 (order: 7, 524288 bytes)
[    0.008242] Inode-cache hash table entries: 32768 (order: 6, 262144 bytes)
[    0.009238] Mount-cache hash table entries: 1024 (order: 1, 8192 bytes)
[    0.010232] Mountpoint-cache hash table entries: 1024 (order: 1, 8192 bytes)
[    0.012043] Last level iTLB entries: 4KB 512, 2MB 512, 4MB 256
[    0.012888] Last level dTLB entries: 4KB 2048, 2MB 2048, 4MB 1024, 1GB 0
[    0.013777] Spectre V1 : Mitigation: usercopy/swapgs barriers and __user pointer sanitization
[    0.014928] Spectre V2 : Mitigation: Retpolines
[    0.015584] Spectre V2 : Spectre v2 / SpectreRSB mitigation: Filling RSB on context switch
[    0.016003] Spectre V2 : Spectre v2 / SpectreRSB : Filling RSB on VMEXIT
[    0.017019] Freeing SMP alternatives memory: 36K
[    0.128000] smpboot: CPU0: AMD Ryzen 5 5600G with Radeon Graphics (family: 0x19, model: 0x50, stepping: 0x0)
[    0.128000] Performance Events: PMU not available due to virtualization, using software events only.
[    0.128000] Hierarchical SRCU implementation.
[    0.128000] NMI watchdog: Perf event create on CPU 0 failed with -2
[    0.128000] NMI watchdog: Perf NMI watchdog permanently disabled
[    0.128000] smp: Bringing up secondary CPUs ...
[    0.128000] x86: Booting SMP configuration:
[    0.128000] .... node  #0, CPUs:      #1
[    0.004000] kvm-clock: cpu 1, msr 0:1ff44041, secondary cpu clock
[    0.132012] smp: Brought up 1 node, 2 CPUs
[    0.132501] smpboot: Max logical packages: 1
[    0.133051] smpboot: Total of 2 processors activated (15570.48 BogoMIPS)
[    0.133971] devtmpfs: initialized
[    0.133971] x86/mm: Memory block size: 128MB
[    0.133971] evm: security.selinux
[    0.133971] evm: security.SMACK64
[    0.133971] evm: security.SMACK64EXEC
[    0.136002] evm: security.SMACK64TRANSMUTE
[    0.136494] evm: security.SMACK64MMAP
[    0.136954] evm: security.apparmor
[    0.137364] evm: security.ima
[    0.137719] evm: security.capability
[    0.140056] clocksource: jiffies: mask: 0xffffffff max_cycles: 0xffffffff, max_idle_ns: 7645041785100000 ns
[    0.141028] futex hash table entries: 512 (order: 3, 32768 bytes)
[    0.141028] pinctrl core: initialized pinctrl subsystem
[    0.141028] RTC time:  2:36:10, date: 02/16/25
[    0.141255] NET: Registered protocol family 16
[    0.141830] audit: initializing netlink subsys (disabled)
[    0.144012] audit: type=2000 audit(1739673374.518:1): state=initialized audit_enabled=0 res=1
[    0.144981] cpuidle: using governor ladder
[    0.144981] cpuidle: using governor menu
[    0.144981] ACPI: bus type PCI registered
[    0.144981] acpiphp: ACPI Hot Plug PCI Controller Driver version: 0.5
[    0.148068] PCI: Using configuration type 1 for base access
[    0.148876] PCI: Using configuration type 1 for extended access
[    0.149712] HugeTLB registered 2.00 MiB page size, pre-allocated 0 pages
[    0.152077] ACPI: Added _OSI(Module Device)
[    0.152577] ACPI: Added _OSI(Processor Device)
[    0.153170] ACPI: Added _OSI(3.0 _SCP Extensions)
[    0.154225] ACPI: Added _OSI(Processor Aggregator Device)
[    0.154984] ACPI: Added _OSI(Linux-Dell-Video)
[    0.155644] ACPI: Added _OSI(Linux-Lenovo-NV-HDMI-Audio)
[    0.156005] ACPI: Added _OSI(Linux-HPI-Hybrid-Graphics)
[    0.156908] ACPI: Executed 1 blocks of module-level executable AML code
[    0.160367] ACPI: Interpreter enabled
[    0.160917] ACPI: (supports S0 S5)
[    0.161380] ACPI: Using IOAPIC for interrupt routing
[    0.162200] PCI: Using host bridge windows from ACPI; if necessary, use "pci=nocrs" and report a bug
[    0.163589] ACPI: Enabled 2 GPEs in block 00 to 07
[    0.167036] ACPI: PCI Root Bridge [PCI0] (domain 0000 [bus 00-ff])
[    0.168005] acpi PNP0A03:00: _OSC: OS supports [ExtendedConfig ASPM ClockPM Segments MSI]
[    0.169711] acpi PNP0A03:00: _OSC: platform does not support [PCIeCapability]
[    0.170949] acpi PNP0A03:00: _OSC: not requesting control; platform does not support [PCIeCapability]
[    0.172002] acpi PNP0A03:00: _OSC: OS requested [PCIeHotplug PME AER PCIeCapability]
[    0.173104] acpi PNP0A03:00: _OSC: platform willing to grant [PCIeHotplug PME AER]
[    0.174200] acpi PNP0A03:00: _OSC failed (AE_SUPPORT); disabling ASPM
[    0.175286] PCI host bridge to bus 0000:00
[    0.176003] pci_bus 0000:00: root bus resource [io  0x0000-0x0cf7 window]
[    0.177671] pci_bus 0000:00: root bus resource [io  0x0d00-0xffff window]
[    0.178611] pci_bus 0000:00: root bus resource [mem 0x000a0000-0x000bffff window]
[    0.180002] pci_bus 0000:00: root bus resource [mem 0x20000000-0xfdffffff window]
[    0.181069] pci_bus 0000:00: root bus resource [bus 00-ff]
[    0.182719] pci 0000:00:01.1: legacy IDE quirk: reg 0x10: [io  0x01f0-0x01f7]
[    0.183707] pci 0000:00:01.1: legacy IDE quirk: reg 0x14: [io  0x03f6]
[    0.184002] pci 0000:00:01.1: legacy IDE quirk: reg 0x18: [io  0x0170-0x0177]
[    0.185015] pci 0000:00:01.1: legacy IDE quirk: reg 0x1c: [io  0x0376]
[    0.190817] pci 0000:00:07.0: quirk: [io  0x4000-0x403f] claimed by PIIX4 ACPI
[    0.192010] pci 0000:00:07.0: quirk: [io  0x4100-0x410f] claimed by PIIX4 SMB
[    0.195767] ACPI: PCI Interrupt Link [LNKA] (IRQs 5 9 10 *11)
[    0.196176] ACPI: PCI Interrupt Link [LNKB] (IRQs 5 9 *10 11)
[    0.197057] ACPI: PCI Interrupt Link [LNKC] (IRQs 5 *9 10 11)
[    0.197957] ACPI: PCI Interrupt Link [LNKD] (IRQs 5 9 10 *11)
[    0.200069] SCSI subsystem initialized
[    0.202162] pci 0000:00:02.0: vgaarb: setting as boot VGA device
[    0.202162] pci 0000:00:02.0: vgaarb: VGA device added: decodes=io+mem,owns=io+mem,locks=none
[    0.204045] pci 0000:00:02.0: vgaarb: bridge control possible
[    0.205096] vgaarb: loaded
[    0.205479] ACPI: bus type USB registered
[    0.205978] usbcore: registered new interface driver usbfs
[    0.208010] usbcore: registered new interface driver hub
[    0.208642] usbcore: registered new device driver usb
[    0.209241] EDAC MC: Ver: 3.0.0
[    0.209241] PCI: Using ACPI for IRQ routing
[    0.209241] NetLabel: Initializing
[    0.209241] NetLabel:  domain hash size = 128
[    0.209787] NetLabel:  protocols = UNLABELED CIPSOv4 CALIPSO
[    0.210495] NetLabel:  unlabeled traffic allowed by default
[    0.212053] clocksource: Switched to clocksource kvm-clock
[    0.218448] VFS: Disk quotas dquot_6.6.0
[    0.218920] VFS: Dquot-cache hash table entries: 512 (order 0, 4096 bytes)
[    0.219658] AppArmor: AppArmor Filesystem Enabled
[    0.220016] pnp: PnP ACPI init
[    0.220016] pnp: PnP ACPI: found 3 devices
[    0.228538] clocksource: acpi_pm: mask: 0xffffff max_cycles: 0xffffff, max_idle_ns: 2085701024 ns
[    0.229464] NET: Registered protocol family 2
[    0.229936] IP idents hash table entries: 8192 (order: 4, 65536 bytes)
[    0.230656] TCP established hash table entries: 4096 (order: 3, 32768 bytes)
[    0.231377] TCP bind hash table entries: 4096 (order: 4, 65536 bytes)
[    0.232027] TCP: Hash tables configured (established 4096 bind 4096)
[    0.232663] UDP hash table entries: 256 (order: 1, 8192 bytes)
[    0.233273] UDP-Lite hash table entries: 256 (order: 1, 8192 bytes)
[    0.233968] NET: Registered protocol family 1
[    0.234438] pci 0000:00:00.0: Limiting direct PCI/PCI transfers
[    0.235053] pci 0000:00:01.0: Activating ISA DMA hang workarounds
[    0.235662] pci 0000:00:02.0: Video device with shadowed ROM at [mem 0x000c0000-0x000dffff]
[    0.236020] Unpacking initramfs...
[    0.236020] Freeing initrd memory: 19528K
[    0.236020] clocksource: tsc: mask: 0xffffffffffffffff max_cycles: 0x703840f2eec, max_idle_ns: 881590586457 ns
[    0.236020] platform rtc_cmos: registered platform RTC device (no PNP device found)
[    0.236020] Scanning for low memory corruption every 60 seconds
[    0.404248] Initialise system trusted keyrings
[    0.404901] Key type blacklist registered
[    0.405493] workingset: timestamp_bits=36 max_order=17 bucket_order=0
[    0.406704] zbud: loaded
[    0.407343] squashfs: version 4.0 (2009/01/31) Phillip Lougher
[    0.408211] fuse init (API version 7.26)
[    0.410328] Key type asymmetric registered
[    0.410815] Asymmetric key parser 'x509' registered
[    0.411356] Block layer SCSI generic (bsg) driver version 0.4 loaded (major 246)
[    0.412375] io scheduler noop registered
[    0.412791] io scheduler deadline registered
[    0.413281] io scheduler cfq registered (default)
[    0.413927] ACPI: AC Adapter [AC] (on-line)
[    0.414412] input: Power Button as /devices/LNXSYSTM:00/LNXPWRBN:00/input/input0
[    0.415215] ACPI: Power Button [PWRF]
[    0.415646] input: Sleep Button as /devices/LNXSYSTM:00/LNXSLPBN:00/input/input1
[    0.416393] ACPI: Sleep Button [SLPF]
[    0.417015] Serial: 8250/16550 driver, 32 ports, IRQ sharing enabled
[    0.438034] 00:02: ttyS0 at I/O 0x3f8 (irq = 4, base_baud = 115200) is a 16550A
[    0.440628] Linux agpgart interface v0.103
[    0.442112] loop: module loaded
[    0.442931] scsi host0: ata_piix
[    0.443475] scsi host1: ata_piix
[    0.444000] ata1: PATA max UDMA/33 cmd 0x1f0 ctl 0x3f6 bmdma 0xd000 irq 14
[    0.444968] ata2: PATA max UDMA/33 cmd 0x170 ctl 0x376 bmdma 0xd008 irq 15
[    0.446092] tun: Universal TUN/TAP device driver, 1.6
[    0.446865] PPP generic driver version 2.4.2
[    0.447544] ehci_hcd: USB 2.0 'Enhanced' Host Controller (EHCI) Driver
[    0.449146] ehci-pci: EHCI PCI platform driver
[    0.451317] ehci-platform: EHCI generic platform driver
[    0.453108] ohci_hcd: USB 1.1 'Open' Host Controller (OHCI) Driver
[    0.453814] ohci-pci: OHCI PCI platform driver
[    0.454326] ohci-platform: OHCI generic platform driver
[    0.454918] uhci_hcd: USB Universal Host Controller Interface driver
[    0.455672] i8042: PNP: PS/2 Controller [PNP0303:PS2K,PNP0f03:PS2M] at 0x60,0x64 irq 1,12
[    0.456980] serio: i8042 KBD port at 0x60,0x64 irq 1
[    0.457568] serio: i8042 AUX port at 0x60,0x64 irq 12
[    0.458376] mousedev: PS/2 mouse device common for all mice
[    0.459408] rtc_cmos rtc_cmos: rtc core: registered rtc_cmos as rtc0
[    0.460354] input: AT Translated Set 2 keyboard as /devices/platform/i8042/serio0/input/input2
[    0.461544] rtc_cmos rtc_cmos: alarms up to one day, 114 bytes nvram
[    0.462495] i2c /dev entries driver
[    0.463063] device-mapper: uevent: version 1.0.3
[    0.463747] device-mapper: ioctl: 4.37.0-ioctl (2017-09-20) initialised: dm-devel@redhat.com
[    0.464883] ledtrig-cpu: registered to indicate activity on CPUs
[    0.465961] NET: Registered protocol family 10
[    0.468880] Segment Routing with IPv6
[    0.469349] NET: Registered protocol family 17
[    0.469917] Key type dns_resolver registered
[    0.470582] mce: Using 0 MCE banks
[    0.471005] RAS: Correctable Errors collector initialized.
[    0.471628] sched_clock: Marking stable (470562464, 0)->(573429905, -102867441)
[    0.472868] registered taskstats version 1
[    0.473400] Loading compiled-in X.509 certificates
[    0.475251] Loaded X.509 cert 'Build time autogenerated kernel key: b5b26778eaa3ab3a4a6cee031137706e947d12ad'
[    0.476656] Loaded X.509 cert 'Canonical Ltd. Live Patch Signing: 14df34d1a87cf37625abec039ef2bf521249b969'
[    0.478015] Loaded X.509 cert 'Canonical Ltd. Kernel Module Signing: 88f752e560a1e0737e31163a466ad7b70a850c19'
[    0.479089] blacklist: Loading compiled-in revocation X.509 certificates
[    0.479826] Loaded X.509 cert 'Canonical Ltd. Secure Boot Signing: 61482aa2830d0ab2ad5af10b7250da9033ddcef0'
[    0.480934] Loaded X.509 cert 'Canonical Ltd. Secure Boot Signing (2017): 242ade75ac4a15e50d50c84b0d45ff3eae707a03'
[    0.482089] Loaded X.509 cert 'Canonical Ltd. Secure Boot Signing (ESM 2018): 365188c1d374d6b07c3c8f240f8ef722433d6a8b'
[    0.483241] Loaded X.509 cert 'Canonical Ltd. Secure Boot Signing (2019): c0746fd6c5da3ae827864651ad66ae47fe24b3e8'
[    0.484421] Loaded X.509 cert 'Canonical Ltd. Secure Boot Signing (2021 v1): a8d54bbb3825cfb94fa13c9f8a594a195c107b8d'
[    0.485637] Loaded X.509 cert 'Canonical Ltd. Secure Boot Signing (2021 v2): 4cf046892d6fd3c9a5b03f98d845f90851dc6a8c'
[    0.486897] Loaded X.509 cert 'Canonical Ltd. Secure Boot Signing (2021 v3): 100437bb6de6e469b581e61cd66bce3ef4ed53af'
[    0.488159] Loaded X.509 cert 'Canonical Ltd. Secure Boot Signing (Ubuntu Core 2019): c1d57b8f6b743f23ee41f4f7ee292f06eecadfb9'
[    0.489568] zswap: loaded using pool lzo/zbud
[    0.491674] Key type big_key registered
[    0.492135] Key type trusted registered
[    0.493305] Key type encrypted registered
[    0.493838] AppArmor: AppArmor sha1 policy hashing enabled
[    0.494532] ima: No TPM chip found, activating TPM-bypass! (rc=-19)
[    0.495318] ima: Allocated hash algorithm: sha1
[    0.495898] evm: HMAC attrs: 0x1
[    0.496498]   Magic number: 13:965:611
[    0.497093] rtc_cmos rtc_cmos: setting system clock to 2025-02-16 02:36:10 UTC (1739673370)
[    0.498250] BIOS EDD facility v0.16 2004-Jun-25, 0 devices found
[    0.499063] EDD information not available.
[    0.635866] Freeing unused kernel image memory: 2480K
[    0.648037] Write protecting the kernel read-only data: 20480k
[    0.649538] Freeing unused kernel image memory: 2008K
[    0.650407] Freeing unused kernel image memory: 1820K
[    0.654657] x86/mm: Checked W+X mappings: passed, no W+X pages found.
Loading, please wait...
starting version 237
[    0.689286] e1000: Intel(R) PRO/1000 Network Driver - version 7.3.21-k8-NAPI
[    0.690150] e1000: Copyright (c) 1999-2006 Intel Corporation.
[    0.693584] Fusion MPT base driver 3.04.20
[    0.694207] Copyright (c) 1999-2008 LSI Corporation
[    0.698785] Fusion MPT SPI Host driver 3.04.20
[    0.706793] AVX2 version of gcm_enc/dec engaged.
[    0.707541] AES CTR mode by8 optimization enabled
[    0.897026] input: ImExPS/2 Generic Explorer Mouse as /devices/platform/i8042/serio1/input/input4
[    1.139328] e1000 0000:00:03.0 eth0: (PCI:33MHz:32-bit) 02:3b:7b:b7:3b:2d
[    1.140083] e1000 0000:00:03.0 eth0: Intel(R) PRO/1000 Network Connection
[    1.743561] e1000 0000:00:08.0 eth1: (PCI:33MHz:32-bit) 08:00:27:17:e7:9d
[    1.744471] e1000 0000:00:08.0 eth1: Intel(R) PRO/1000 Network Connection
[    1.745875] e1000 0000:00:03.0 enp0s3: renamed from eth0
[    1.746521] mptbase: ioc0: Initiating bringup
[    1.760505] e1000 0000:00:08.0 enp0s8: renamed from eth1
[    1.856258] ioc0: LSI53C1030 A0: Capabilities={Initiator}
[    2.097326] scsi host2: ioc0: LSI53C1030 A0, FwRev=00000000h, Ports=1, MaxQ=256, IRQ=20
[    3.736448] scsi 2:0:0:0: Direct-Access     VBOX     HARDDISK         1.0  PQ: 0 ANSI: 5
[    3.768034] scsi target2:0:0: Beginning Domain Validation
[    3.770067] scsi target2:0:0: Domain Validation skipping write tests
[    3.770830] scsi target2:0:0: Ending Domain Validation
[    3.771511] scsi target2:0:0: asynchronous
[    3.772418] scsi 2:0:1:0: Direct-Access     VBOX     HARDDISK         1.0  PQ: 0 ANSI: 5
[    3.812031] scsi target2:0:1: Beginning Domain Validation
[    3.813758] scsi target2:0:1: Domain Validation skipping write tests
[    3.814500] scsi target2:0:1: Ending Domain Validation
[    3.815125] scsi target2:0:1: asynchronous
[    3.817741] sd 2:0:0:0: Attached scsi generic sg0 type 0
[    3.818634] sd 2:0:1:0: Attached scsi generic sg1 type 0
[    3.818637] sd 2:0:1:0: [sdb] 20480 512-byte logical blocks: (10.5 MB/10.0 MiB)
[    3.820231] sd 2:0:0:0: [sda] 83886080 512-byte logical blocks: (42.9 GB/40.0 GiB)
[    3.820263] sd 2:0:1:0: [sdb] Write Protect is off
[    3.821757] sd 2:0:0:0: [sda] Write Protect is off
[    3.821802] sd 2:0:1:0: [sdb] Incomplete mode parameter data
[    3.822992] sd 2:0:1:0: [sdb] Assuming drive cache: write through
[    3.823821] sd 2:0:0:0: [sda] Incomplete mode parameter data
[    3.824531] sd 2:0:0:0: [sda] Assuming drive cache: write through
[    3.824979] sd 2:0:1:0: [sdb] Attached SCSI disk
[    3.826388]  sda: sda1
[    3.826956] sd 2:0:0:0: [sda] Attached SCSI disk
Begin: Loading essential drivers ... [    5.268069] raid6: sse2x1   gen()  7278 MB/s
[    5.316072] raid6: sse2x1   xor() 12334 MB/s
[    5.364071] raid6: sse2x2   gen() 13713 MB/s
[    5.412096] raid6: sse2x2   xor() 15633 MB/s
[    5.460052] raid6: sse2x4   gen() 19805 MB/s
[    5.508022] raid6: sse2x4   xor() 11567 MB/s
[    5.556074] raid6: avx2x1   gen() 15488 MB/s
[    5.604030] raid6: avx2x1   xor() 24371 MB/s
[    5.652069] raid6: avx2x2   gen() 29600 MB/s
[    5.700060] raid6: avx2x2   xor() 30815 MB/s
[    5.748070] raid6: avx2x4   gen() 32459 MB/s
[    5.796061] raid6: avx2x4   xor() 15906 MB/s
[    5.796564] raid6: using algorithm avx2x4 gen() 32459 MB/s
[    5.797128] raid6: .... xor() 15906 MB/s, rmw enabled
[    5.797663] raid6: using avx2x2 recovery algorithm
[    5.798737] xor: automatically using best checksumming function   avx       
[    5.799945] async_tx: api initialized (async)
done.
Begin: Running /scripts/init-premount ... done.
Begin: Mounting root file system ... Begin: Running /scripts/local-top ... done.
Begin: Running /scripts/local-premount ... [    5.824097] Btrfs loaded, crc32c=crc32c-intel
Scanning for Btrfs filesystems
done.
Warning: fsck not present, so skipping root file system
[    5.841679] EXT4-fs (sda1): mounted filesystem with ordered data mode. Opts: (null)
done.
Begin: Running /scripts/local-bottom ... done.
Begin: Running /scripts/init-bottom ... done.
[    5.996326] ip_tables: (C) 2000-2006 Netfilter Core Team
[    6.005978] systemd[1]: systemd 237 running in system mode. (+PAM +AUDIT +SELINUX +IMA +APPARMOR +SMACK +SYSVINIT +UTMP +LIBCRYPTSETUP +GCRYPT +GNUTLS +ACL +XZ +LZ4 +SECCOMP +BLKID +ELFUTILS +KMOD -IDN2 +IDN -PCRE2 default-hierarchy=hybrid)
[    6.008760] systemd[1]: Detected virtualization oracle.
[    6.009422] systemd[1]: Detected architecture x86-64.

Welcome to [1mUbuntu 18.04.6 LTS[0m!

[    6.013896] systemd[1]: Set hostname to <ubuntu>.
[    6.016748] systemd[1]: Initializing machine ID from random generator.
[    6.017610] systemd[1]: Installed transient /etc/machine-id file.
[    6.246738] systemd[1]: Reached target Swap.
[[0;32m  OK  [0m] Reached target Swap.
[    6.247729] systemd[1]: Started Forward Password Requests to Wall Directory Watch.
[[0;32m  OK  [0m] Started Forward Password Requests to Wall Directory Watch.
[    6.249329] systemd[1]: Set up automount Arbitrary Executable File Formats File System Automount Point.
[[0;32m  OK  [0m] Set up automount Arbitrary Executab…rmats File System Automount Point.
[    6.251555] systemd[1]: Created slice User and Session Slice.
[[0;32m  OK  [0m] Created slice User and Session Slice.
[[0;32m  OK  [0m] Reached target System Time Synchronized.
[[0;32m  OK  [0m] Reached target User and Group Name Lookups.
[[0;32m  OK  [0m] Reached target Mounting snaps.
[[0;32m  OK  [0m] Reached target Mounted snaps.
[[0;32m  OK  [0m] Created slice System Slice.
[[0;32m  OK  [0m] Created slice system-serial\x2dgetty.slice.
[[0;32m  OK  [0m] Reached target Slices.
[[0;32m  OK  [0m] Listening on fsck to fsckd communication Socket.
[[0;32m  OK  [0m] Listening on Syslog Socket.
[[0;32m  OK  [0m] Listening on Journal Socket.
[[0;32m  OK  [0m] Listening on LVM2 metadata daemon socket.
         Starting File System Check on Root Device...
         Starting Uncomplicated firewall...
[[0;32m  OK  [0m] Listening on /dev/initctl Compatibility Named Pipe.
         Starting Load Kernel Modules...
[[0;32m  OK  [0m] Listening on Device-mapper event daemon FIFOs.
         Starting Monitoring of LVM2 mirrors…ng dmeventd or progress polling...
[[0;32m  OK  [0m] Listening on Journal Audit Socket.
         Mounting POSIX Message Queue File System...
         Starting Set the console keyboard layout...
         Mounting Kernel Debug File System...
[[0;32m  OK  [0m] Listening on udev Kernel Socket.
         Starting Create list of required st…ce nodes for the current kernel...
[[0;32m  OK  [0m] Listening on Network Service Netlink Socket.
[[0;32m  OK  [0m] Listening on Journal Socket (/dev/log).
         Starting Journal Service...
         Mounting Huge Pages File System...
[[0;32m  OK  [0m] Listening on udev Control Socket.
         Starting udev Coldplug all Devices...
[[0;32m  OK  [0m] Listening on LVM2 poll daemon socket.
[[0;32m  OK  [0m] Started File System Check Daemon to report status.
[[0;32m  OK  [0m] Started Uncomplicated firewall.
[    6.351064] Loading iSCSI transport class v2.0-870.
[    6.354886] iscsi: registered transport (tcp)
[    6.367219] iscsi: registered transport (iser)
[[0;32m  OK  [0m] Started Load Kernel Modules.
         Mounting FUSE Control File System...
         Starting Apply Kernel Variables...
         Mounting Kernel Configuration File System...
[[0;32m  OK  [0m] Started LVM2 metadata daemon.
[[0;32m  OK  [0m] Started Create list of required sta…vice nodes for the current kernel.
         Starting Create Static Device Nodes in /dev...
[[0;32m  OK  [0m] Started Journal Service.
[[0;32m  OK  [0m] Started udev Coldplug all Devices.
[[0;32m  OK  [0m] Mounted FUSE Control File System.
[[0;32m  OK  [0m] Mounted Kernel Configuration File System.
[[0;32m  OK  [0m] Mounted POSIX Message Queue File System.
[[0;32m  OK  [0m] Mounted Kernel Debug File System.
[[0;32m  OK  [0m] Mounted Huge Pages File System.
[[0;32m  OK  [0m] Started File System Check on Root Device.
         Starting Remount Root and Kernel File Systems...
[[0;32m  OK  [0m] Started Create Static Device Nodes in /dev.
[[0;32m  OK  [0m] Started Apply Kernel Variables.
[[0;32m  OK  [0m] Started Monitoring of LVM2 mirrors,…sing dmeventd or progress polling.
[[0;32m  OK  [0m] Started Remount Root and Kernel File Systems.
         Starting Flush Journal to Persistent Storage...
         Starting udev Kernel Device Manager...
         Starting Load/Save Random Seed...
[[0;32m  OK  [0m] Started Load/Save Random Seed.
[[0;32m  OK  [0m] Started udev Kernel Device Manager.
[[0;32m  OK  [0m] Started Flush Journal to Persistent Storage.
[[0;32m  OK  [0m] Found device /dev/ttyS0.
[[0;32m  OK  [0m] Listening on Load/Save RF Kill Switch Status /dev/rfkill Watch.
         Mounting Arbitrary Executable File Formats File System...
[[0;32m  OK  [0m] Mounted Arbitrary Executable File Formats File System.
[[0;32m  OK  [0m] Started Set the console keyboard layout.
[[0;32m  OK  [0m] Reached target Local File Systems (Pre).
[[0;32m  OK  [0m] Reached target Local File Systems.
         Starting AppArmor initialization...
         Starting ebtables ruleset management...
         Starting Create Volatile Files and Directories...
         Starting Commit a transient machine-id on disk...
         Starting Set console font and keymap...
         Starting Tell Plymouth To Write Out Runtime Data...
[[0;32m  OK  [0m] Started Dispatch Password Requests to Console Directory Watch.
[[0;32m  OK  [0m] Reached target Local Encrypted Volumes.
[[0;32m  OK  [0m] Started Create Volatile Files and Directories.
         Starting Update UTMP about System Boot/Shutdown...
[[0;32m  OK  [0m] Started Tell Plymouth To Write Out Runtime Data.
[[0;32m  OK  [0m] Started Update UTMP about System Boot/Shutdown.
[[0;32m  OK  [0m] Started Commit a transient machine-id on disk.
[[0;32m  OK  [0m] Started ebtables ruleset management.
[[0;32m  OK  [0m] Started AppArmor initialization.
         Starting Load AppArmor profiles managed internally by snapd...
         Starting Initial cloud-init job (pre-networking)...
[[0;32m  OK  [0m] Started Set console font and keymap.
[[0;32m  OK  [0m] Started Load AppArmor profiles managed internally by snapd.
[    8.440438] cloud-init[796]: Cloud-init v. 23.1.2-0ubuntu0~18.04.1 running 'init-local' at Sun, 16 Feb 2025 02:36:18 +0000. Up 8.23 seconds.
[[0;32m  OK  [0m] Started Initial cloud-init job (pre-networking).
[[0;32m  OK  [0m] Reached target Network (Pre).
         Starting Network Service...
[[0;32m  OK  [0m] Started Network Service.
         Starting Network Name Resolution...
         Starting Wait for Network to be Configured...
[[0;32m  OK  [0m] Started Network Name Resolution.
[[0;32m  OK  [0m] Reached target Network.
[[0;32m  OK  [0m] Reached target Host and Network Name Lookups.
[[0;32m  OK  [0m] Started Wait for Network to be Configured.
         Starting Initial cloud-init job (metadata service crawler)...
[   10.374229] cloud-init[935]: Cloud-init v. 23.1.2-0ubuntu0~18.04.1 running 'init' at Sun, 16 Feb 2025 02:36:20 +0000. Up 10.28 seconds.
[   10.384140] cloud-init[935]: ci-info: ++++++++++++++++++++++++++++++++++++++Net device info+++++++++++++++++++++++++++++++++++++++
[   10.384870] cloud-init[935]: ci-info: +--------+-------+----------------------------+---------------+--------+-------------------+
[   10.385483] cloud-init[935]: ci-info: | Device |   Up  |          Address           |      Mask     | Scope  |     Hw-Address    |
[   10.386092] cloud-init[935]: ci-info: +--------+-------+----------------------------+---------------+--------+-------------------+
[   10.396136] cloud-init[935]: ci-info: | enp0s3 |  True |         10.0.2.15          | 255.255.255.0 | global | 02:3b:7b:b7:3b:2d |
[   10.408104] cloud-init[935]: ci-info: | enp0s3 |  True | fe80::3b:7bff:feb7:3b2d/64 |       .       |  link  | 02:3b:7b:b7:3b:2d |
[   10.408708] cloud-init[935]: ci-info: | enp0s8 | False |             .              |       .       |   .    | 08:00:27:17:e7:9d |
[   10.409176] cloud-init[935]: ci-info: |   lo   |  True |         127.0.0.1          |   255.0.0.0   |  host  |         .         |
[   10.409697] cloud-init[935]: ci-info: |   lo   |  True |          ::1/128           |       .       |  host  |         .         |
[   10.410221] cloud-init[935]: ci-info: +--------+-------+----------------------------+---------------+--------+-------------------+
[   10.410660] cloud-init[935]: ci-info: ++++++++++++++++++++++++++++Route IPv4 info+++++++++++++++++++++++++++++
[   10.411039] cloud-init[935]: ci-info: +-------+-------------+----------+-----------------+-----------+-------+
[   10.411453] cloud-init[935]: ci-info: | Route | Destination | Gateway  |     Genmask     | Interface | Flags |
[   10.411832] cloud-init[935]: ci-info: +-------+-------------+----------+-----------------+-----------+-------+
[   10.412231] cloud-init[935]: ci-info: |   0   |   0.0.0.0   | 10.0.2.2 |     0.0.0.0     |   enp0s3  |   UG  |
[   10.412607] cloud-init[935]: ci-info: |   1   |   10.0.2.0  | 0.0.0.0  |  255.255.255.0  |   enp0s3  |   U   |
[   10.413009] cloud-init[935]: ci-info: |   2   |   10.0.2.2  | 0.0.0.0  | 255.255.255.255 |   enp0s3  |   UH  |
[   10.413398] cloud-init[935]: ci-info: +-------+-------------+----------+-----------------+-----------+-------+
[   10.413774] cloud-init[935]: ci-info: +++++++++++++++++++Route IPv6 info+++++++++++++++++++
[   10.414125] cloud-init[935]: ci-info: +-------+-------------+---------+-----------+-------+
[   10.414463] cloud-init[935]: ci-info: | Route | Destination | Gateway | Interface | Flags |
[   10.414795] cloud-init[935]: ci-info: +-------+-------------+---------+-----------+-------+
[   10.415178] cloud-init[935]: ci-info: |   1   |  fe80::/64  |    ::   |   enp0s3  |   U   |
[   10.415511] cloud-init[935]: ci-info: |   3   |    local    |    ::   |   enp0s3  |   U   |
[   10.415837] cloud-init[935]: ci-info: |   4   |   ff00::/8  |    ::   |   enp0s3  |   U   |
[   10.416203] cloud-init[935]: ci-info: +-------+-------------+---------+-----------+-------+
[   11.413692] cloud-init[935]: Generating public/private rsa key pair.
[   11.414068] cloud-init[935]: Your identification has been saved in /etc/ssh/ssh_host_rsa_key.
[   11.414508] cloud-init[935]: Your public key has been saved in /etc/ssh/ssh_host_rsa_key.pub.
[   11.414865] cloud-init[935]: The key fingerprint is:
[   11.415160] cloud-init[935]: SHA256:4Z6MYN694BKKhWvXHsMwatrFhxWzvQeAf9KYn7ilcK0 root@ubuntu-bionic
[   11.415513] cloud-init[935]: The key's randomart image is:
[   11.415777] cloud-init[935]: +---[RSA 2048]----+
[   11.416019] cloud-init[935]: |                 |
[   11.416293] cloud-init[935]: |     .           |
[   11.416636] cloud-init[935]: |    . + .        |
[   11.416982] cloud-init[935]: |     . @ .       |
[   11.417315] cloud-init[935]: | . oo B S        |
[   11.417641] cloud-init[935]: |. o+== @ =       |
[   11.417929] cloud-init[935]: | * .B=B @ .      |
[   11.418249] cloud-init[935]: |=o.o.*o* o       |
[   11.418562] cloud-init[935]: |o o .oE .        |
[   11.418839] cloud-init[935]: +----[SHA256]-----+
[   11.419165] cloud-init[935]: Generating public/private dsa key pair.
[   11.419553] cloud-init[935]: Your identification has been saved in /etc/ssh/ssh_host_dsa_key.
[   11.419983] cloud-init[935]: Your public key has been saved in /etc/ssh/ssh_host_dsa_key.pub.
[   11.420461] cloud-init[935]: The key fingerprint is:
[   11.420753] cloud-init[935]: SHA256:1HSwp7NiRDkqoPX2Ifkju7wGM0fUK3dHzHeUPh3MVR8 root@ubuntu-bionic
[   11.421215] cloud-init[935]: The key's randomart image is:
[   11.421538] cloud-init[935]: +---[DSA 1024]----+
[   11.421840] cloud-init[935]: |     .   oo...+E=|
[   11.422150] cloud-init[935]: |    . .  ++o. o+o|
[   11.422439] cloud-init[935]: |  o.   .=.o..o .o|
[   11.422740] cloud-init[935]: | o oo.o+...o  o .|
[   11.423040] cloud-init[935]: |.  .*oo.S.o    . |
[   11.423328] cloud-init[935]: |  +..= o   o     |
[   11.423611] cloud-init[935]: |   =. + o .      |
[   11.423909] cloud-init[935]: |   ..o o .       |
[   11.424287] cloud-init[935]: |   .=o           |
[   11.424588] cloud-init[935]: +----[SHA256]-----+
[   11.424879] cloud-init[935]: Generating public/private ecdsa key pair.
[   11.425219] cloud-init[935]: Your identification has been saved in /etc/ssh/ssh_host_ecdsa_key.
[   11.425633] cloud-init[935]: Your public key has been saved in /etc/ssh/ssh_host_ecdsa_key.pub.
[   11.426055] cloud-init[935]: The key fingerprint is:
[   11.426352] cloud-init[935]: SHA256:sNrZJG5wD2e0Qw+UNaZgwZjhRalQaoQmfYGTSyEmrW8 root@ubuntu-bionic
[   11.426769] cloud-init[935]: The key's randomart image is:
[   11.427087] cloud-init[935]: +---[ECDSA 256]---+
[   11.427381] cloud-init[935]: |o=o=+B*o.o+      |
[   11.427676] cloud-init[935]: |=+Oo+ooo.o .     |
[   11.427965] cloud-init[935]: |ooo=... =        |
[   11.428265] cloud-init[935]: |... .  = +       |
[   11.428561] cloud-init[935]: | .  . = S .      |
[   11.428857] cloud-init[935]: |  E  * X .       |
[   11.429148] cloud-init[935]: | .  . = o        |
[   11.429444] cloud-init[935]: |     .           |
[   11.440171] cloud-init[935]: |                 |
[   11.440536] cloud-init[935]: +----[SHA256]-----+
[   11.440801] cloud-init[935]: Generating public/private ed25519 key pair.
[   11.441112] cloud-init[935]: Your identification has been saved in /etc/ssh/ssh_host_ed25519_key.
[   11.452508] cloud-init[935]: Your public key has been saved in /etc/ssh/ssh_host_ed25519_key.pub.
[   11.458193] cloud-init[935]: [The key fingerprint is:[0;32m  OK  [0m
] Started Initial cloud-init job (metadata service crawler).
[[0;32m  OK  [0m] Reached target Network is Online.
[   11.460657] cloud-init[935]: SHA256:ttV0OxEKfxvqVkIL9w8I7dPc4q505nh5LIYP55v6a88 root@ubuntu-bionic
[   11.461244] cloud-init[935]: The key's randomart image is:
[   11.461580] cloud-init[935]: +--[ED25519 256]--+
         [   11.472118] cloud-init[935]: |          .   .  |
[   11.472194] cloud-init[935]: |           + . . |
[   11.472306] cloud-init[935]: |          o B =  |
[   11.472377] cloud-init[935]: |           O X * |
[   11.472455] cloud-init[935]: |        S . O @ .|
[   11.472561] cloud-init[935]: |       . o . = = |
[   11.472669] cloud-init[935]: |        .   =.=o.|
[   11.472807] cloud-init[935]: |           o.X*oo|
[   11.472979] cloud-init[935]: |            +OX*E|
[   11.473099] cloud-init[935]: +----[SHA256]-----+
Starting Availability of block devices...
[[0;32m  OK  [0m] Reached target Remote File Systems (Pre).
[[0;32m  OK  [0m] Reached target Remote File Systems.
[[0;32m  OK  [0m] Reached target Cloud-config availability.
[[0;32m  OK  [0m] Reached target System Initialization.
[[0;32m  OK  [0m] Started Daily Cleanup of Temporary Directories.
[[0;32m  OK  [0m] Listening on D-Bus System Message Bus Socket.
[[0;32m  OK  [0m] Started Daily apt download activities.
[[0;32m  OK  [0m] Listening on cloud-init hotplug hook socket.
[[0;32m  OK  [0m] Started Discard unused blocks once a week.
[[0;32m  OK  [0m] Listening on UUID daemon activation socket.
[[0;32m  OK  [0m] Started ACPI Events Check.
[[0;32m  OK  [0m] Reached target Paths.
[[0;32m  OK  [0m] Started Message of the Day.
[[0;32m  OK  [0m] Listening on ACPID Listen Socket.
         Starting LXD - unix socket.
[[0;32m  OK  [0m] Listening on Open-iSCSI iscsid Socket.
[[0;32m  OK  [0m] Started Daily apt upgrade and clean activities.
[[0;32m  OK  [0m] Started Ubuntu Advantage Timer for running repeated jobs.
         Starting Socket activation for snappy daemon.
[[0;32m  OK  [0m] Reached target Timers.
[[0;32m  OK  [0m] Started Availability of block devices.
[[0;32m  OK  [0m] Listening on LXD - unix socket.
[[0;32m  OK  [0m] Listening on Socket activation for snappy daemon.
[[0;32m  OK  [0m] Reached target Sockets.
[[0;32m  OK  [0m] Reached target Basic System.
         Starting Dispatcher daemon for systemd-networkd...
         Starting Login Service...
[[0;32m  OK  [0m] Started Regular background program processing daemon.
         Starting Accounts Service...
         Starting Pollinate to seed the pseudo random number generator...
         Starting LSB: Record successful boot for GRUB...
         Starting Virtualbox guest utils...
[[0;32m  OK  [0m] Started FUSE filesystem for LXC.
[[0;32m  OK  [0m] Started D-Bus System Message Bus.
[[0;32m  OK  [0m] Started Login Service.
[[0;32m  OK  [0m] Started irqbalance daemon.
[[0;32m  OK  [0m] Started Deferred execution scheduler.
         Starting LXD - container startup/shutdown...
         Starting LSB: automatic crash report generation...
[[0;32m  OK  [0m] Started Unattended Upgrades Shutdown.
[[0;32m  OK  [0m] Reached target Login Prompts (Pre).
         Starting System Logging Service...
         Starting Permit User Sessions...
         Starting Snap Daemon...
[[0;32m  OK  [0m] Started System Logging Service.
[[0;32m  OK  [0m] Started Permit User Sessions.
         Starting Authorization Manager...
         Starting Hold until boot process finishes up...
         Starting Terminate Plymouth Boot Screen...
[[0;32m  OK  [0m] Started Hold until boot process finishes up.
         Starting Set console scheme...
[[0;32m  OK  [0m] Started Serial Getty on ttyS0.
[[0;32m  OK  [0m] Started LSB: automatic crash report generation.
[[0;32m  OK  [0m] Started Terminate Plymouth Boot Screen.
[[0;32m  OK  [0m] Started Dispatcher daemon for systemd-networkd.
[[0;32m  OK  [0m] Started Set console scheme.
[[0;32m  OK  [0m] Created slice system-getty.slice.
[[0;32m  OK  [0m] Started Getty on tty1.
[[0;32m  OK  [0m] Reached target Login Prompts.
[[0;32m  OK  [0m] Started LSB: Record successful boot for GRUB.
[[0;32m  OK  [0m] Started Authorization Manager.
[[0;32m  OK  [0m] Started Accounts Service.
[[0;32m  OK  [0m] Started LXD - container startup/shutdown.
[[0;32m  OK  [0m] Started Virtualbox guest utils.
[[0;32m  OK  [0m] Started Snap Daemon.
         Starting Wait until snapd is fully seeded...
         Starting Time & Date Service...
[[0;32m  OK  [0m] Started Time & Date Service.
[[0;32m  OK  [0m] Started Pollinate to seed the pseudo random number generator.
         Starting OpenBSD Secure Shell server...
[[0;32m  OK  [0m] Started OpenBSD Secure Shell server.
[[0;32m  OK  [0m] Created slice User Slice of vagrant.
         Starting User Manager for UID 1000...
[[0;32m  OK  [0m] Started Session 1 of user vagrant.
[[0;32m  OK  [0m] Started User Manager for UID 1000.
[[0;32m  OK  [0m] Started Wait until snapd is fully seeded.
         Starting Apply the settings specified in cloud-config...
[   16.945725] cloud-init[1765]: Cloud-init v. 23.1.2-0ubuntu0~18.04.1 running 'modules:config' at Sun, 16 Feb 2025 02:36:26 +0000. Up 16.55 seconds.
ci-info: no authorized SSH keys fingerprints found for user ubuntu.
<14>Feb 16 02:36:27 cloud-init: #############################################################
<14>Feb 16 02:36:27 cloud-init: -----BEGIN SSH HOST KEY FINGERPRINTS-----
<14>Feb 16 02:36:27 cloud-init: 1024 SHA256:1HSwp7NiRDkqoPX2Ifkju7wGM0fUK3dHzHeUPh3MVR8 root@ubuntu-bionic (DSA)
<14>Feb 16 02:36:27 cloud-init: 256 SHA256:sNrZJG5wD2e0Qw+UNaZgwZjhRalQaoQmfYGTSyEmrW8 root@ubuntu-bionic (ECDSA)
<14>Feb 16 02:36:27 cloud-init: 256 SHA256:ttV0OxEKfxvqVkIL9w8I7dPc4q505nh5LIYP55v6a88 root@ubuntu-bionic (ED25519)
<14>Feb 16 02:36:27 cloud-init: 2048 SHA256:4Z6MYN694BKKhWvXHsMwatrFhxWzvQeAf9KYn7ilcK0 root@ubuntu-bionic (RSA)
<14>Feb 16 02:36:27 cloud-init: -----END SSH HOST KEY FINGERPRINTS-----
<14>Feb 16 02:36:27 cloud-init: #############################################################
-----BEGIN SSH HOST KEY KEYS-----
ecdsa-sha2-nistp256 AAAAE2VjZHNhLXNoYTItbmlzdHAyNTYAAAAIbmlzdHAyNTYAAABBBCGIYmMtdX113R6osLJoABn/gVD8MexQB/aDwViL+EuS6rsRN26uFtCBlpfy75ws3wMRh/9ckKUA467AHuyps78= root@ubuntu-bionic
ssh-ed25519 AAAAC3NzaC1lZDI1NTE5AAAAIKj1CenRMzGzpz06ly+flL7SDE1RXHh02808fITI6BGD root@ubuntu-bionic
ssh-rsa AAAAB3NzaC1yc2EAAAADAQABAAABAQDDziANqaq89VdMcRGpCoynhcXlQGcDLKTODJMpoPoG7hMe9YV5h9RhL4cAmaQV6/f1CFXmRallvCwvTCBW1yGZ87ul48VELRbALP6qmYLq6Skor12Q01rUiDjnM+kSwVJEFHKeZhfKrKpsUr+3NnhwxjI3Zg0wQeJkgIqUYGzCsi0/V1dCLYlDSvW98K4LdJxLbYk2HVj47eiJHAZnD1seqLuP3+84GIRhtXTb1qSmkc6L/3voBA/KI7/iZuSjHaPORUurPCs4FDf+aAgg9VkpbBeBojesjs217jRdGdA2cuUAXMkbbqJdyv8n1DVoUiqrIOIAt5ZKLouSNMdaMYlt root@ubuntu-bionic
-----END SSH HOST KEY KEYS-----
[   17.419169] cloud-init[1882]: Cloud-init v. 23.1.2-0ubuntu0~18.04.1 running 'modules:final' at Sun, 16 Feb 2025 02:36:27 +0000. Up 17.29 seconds.
[   17.419760] cloud-init[1882]: Cloud-init v. 23.1.2-0ubuntu0~18.04.1 finished at Sun, 16 Feb 2025 02:36:27 +0000. Datasource DataSourceNoCloud [seed=/dev/sdb][dsmode=net].  Up 17.41 seconds

Ubuntu 18.04.6 LTS lb ttyS0

lb login: 